Loading arguments...
[Namespace(T_max=5.0, batch_size=16, dataset='rlv', depth=6, device='cuda', input_size=256, load_path='./save_dir/', lr=0.0001, model_name='vivit_3', num_classes=2, num_epochs=20, num_frames=16, num_workers=8, patch_size=16, ratio=0.85, save_dir='./save_dir/')]
log_dir is:  logs/vivit_3_on_rlv
Loading dataset...
Calculating Clips
Preloading RLV
rlv dataset has 236523 clips in total.
Creating dataloaders...
train set loader size: 12566, val set loader size: 2218
Creating model...
model parameters:  {'Total': 2163266, 'Trainable': 2163266}
Creating optimizer...
using optimizer:  Adam (
Parameter Group 0
    amsgrad: False
    betas: (0.9, 0.999)
    eps: 1e-08
    lr: 0.0001
    weight_decay: 0
)
Creating scheduler...
using scheduler:  <torch.optim.lr_scheduler.CosineAnnealingLR object at 0x7ffe241e0c10>
Creating criterion...
using criterion:  CrossEntropyLoss()
[31m[1mStart training![0m
[33m[1mevaluating for epoch 5...[0m
[32m[1mcalculating accuracy...[0m
[32m[1mcalculating precision...[0m
[32m[1mcalculating recall...[0m
