Loading arguments...
[Namespace(T_max=5.0, batch_size=8, dataset='rlv', depth=6, device='cuda', input_size=256, load_path='/home/qzt/all/save_dir/', lr=0.0001, model_name='c3d', num_classes=2, num_epochs=10, num_frames=16, num_workers=8, patch_size=16, ratio=0.85, save_path='/home/qzt/all/save_dir/')]
log_dir is:  logs/c3d_on_rlv
Loading dataset...
Calculating Clips
Preloading RLV
rlv dataset has 236523 clips in total.
Creating dataloaders...
train set loader size: 25131, val set loader size: 4435
Creating model...
model parameters:  {'Total': 78003970, 'Trainable': 78003970}
Creating optimizer...
using optimizer:  Adam (
Parameter Group 0
    amsgrad: False
    betas: (0.9, 0.999)
    eps: 1e-08
    lr: 0.0001
    weight_decay: 0
)
Creating scheduler...
using scheduler:  <torch.optim.lr_scheduler.CosineAnnealingLR object at 0x7ffe3a067190>
Creating criterion...
using criterion:  CrossEntropyLoss()
[31m[1mStart training![0m
TRAINING EPOCH 0...
