Loading arguments...
[Namespace(T_max=5.0, batch_size=16, dataset='rwf', depth=6, device='cuda', input_size=256, load_path='./save_dir/', lr=0.0001, model_name='vivit_2', num_classes=2, num_epochs=20, num_frames=16, num_workers=8, patch_size=16, ratio=0.85, save_dir='./save_dir/')]
log_dir is:  logs/vivit_2_on_rwf
Loading dataset...
rwf dataset has 1600 clips in total.
Creating dataloaders...
train set loader size: 85, val set loader size: 15
Creating model...
model parameters:  {'Total': 5480642, 'Trainable': 5480642}
Creating optimizer...
using optimizer:  Adam (
Parameter Group 0
    amsgrad: False
    betas: (0.9, 0.999)
    eps: 1e-08
    lr: 0.0001
    weight_decay: 0
)
Creating scheduler...
using scheduler:  <torch.optim.lr_scheduler.CosineAnnealingLR object at 0x7ffe14270670>
Creating criterion...
using criterion:  CrossEntropyLoss()
[31m[1mStart training![0m
